<?xml version="1.0" encoding="UTF-8"?>
<testsuite xmlns:xsi="http://www.w3.org/2001/XMLSchema-instance" xsi:noNamespaceSchemaLocation="https://maven.apache.org/surefire/maven-surefire-plugin/xsd/surefire-test-report-3.0.xsd" version="3.0" name="Runners.RunnerLocadoraTest" time="0.953" tests="9" errors="0" skipped="0" failures="0">
  <properties>
    <property name="java.specification.version" value="19"/>
    <property name="sun.cpu.isalist" value="amd64"/>
    <property name="sun.jnu.encoding" value="Cp1252"/>
    <property name="java.class.path" value="C:\Users\JudrianideBrito\Desktop\PROJETO BRITO\IntroCucumber\target\test-classes;C:\Users\JudrianideBrito\Desktop\PROJETO BRITO\IntroCucumber\target\classes;C:\Users\JudrianideBrito\.m2\repository\io\cucumber\cucumber-java\4.8.0\cucumber-java-4.8.0.jar;C:\Users\JudrianideBrito\.m2\repository\io\cucumber\cucumber-core\4.8.0\cucumber-core-4.8.0.jar;C:\Users\JudrianideBrito\.m2\repository\io\cucumber\gherkin\5.1.0\gherkin-5.1.0.jar;C:\Users\JudrianideBrito\.m2\repository\io\cucumber\tag-expressions\1.1.1\tag-expressions-1.1.1.jar;C:\Users\JudrianideBrito\.m2\repository\io\cucumber\cucumber-expressions\7.0.2\cucumber-expressions-7.0.2.jar;C:\Users\JudrianideBrito\.m2\repository\io\cucumber\datatable\1.1.14\datatable-1.1.14.jar;C:\Users\JudrianideBrito\.m2\repository\io\cucumber\datatable-dependencies\1.1.14\datatable-dependencies-1.1.14.jar;C:\Users\JudrianideBrito\.m2\repository\org\apiguardian\apiguardian-api\1.1.0\apiguardian-api-1.1.0.jar;C:\Users\JudrianideBrito\.m2\repository\io\cucumber\cucumber-junit\4.8.0\cucumber-junit-4.8.0.jar;C:\Users\JudrianideBrito\.m2\repository\junit\junit\4.12\junit-4.12.jar;C:\Users\JudrianideBrito\.m2\repository\org\hamcrest\hamcrest-core\1.3\hamcrest-core-1.3.jar;"/>
    <property name="java.vm.vendor" value="Oracle Corporation"/>
    <property name="sun.arch.data.model" value="64"/>
    <property name="user.variant" value=""/>
    <property name="java.vendor.url" value="https://java.oracle.com/"/>
    <property name="user.timezone" value="America/Sao_Paulo"/>
    <property name="os.name" value="Windows 10"/>
    <property name="java.vm.specification.version" value="19"/>
    <property name="sun.java.launcher" value="SUN_STANDARD"/>
    <property name="user.country" value="BR"/>
    <property name="sun.boot.library.path" value="C:\Program Files\Java\jdk-19\bin"/>
    <property name="sun.java.command" value="C:\Users\JudrianideBrito\AppData\Local\Temp\surefire6128819660062227993\surefirebooter-20230310160213899_3.jar C:\Users\JudrianideBrito\AppData\Local\Temp\surefire6128819660062227993 2023-03-10T16-02-13_381-jvmRun1 surefire-20230310160213899_1tmp surefire_0-20230310160213899_2tmp"/>
    <property name="jdk.debug" value="release"/>
    <property name="surefire.test.class.path" value="C:\Users\JudrianideBrito\Desktop\PROJETO BRITO\IntroCucumber\target\test-classes;C:\Users\JudrianideBrito\Desktop\PROJETO BRITO\IntroCucumber\target\classes;C:\Users\JudrianideBrito\.m2\repository\io\cucumber\cucumber-java\4.8.0\cucumber-java-4.8.0.jar;C:\Users\JudrianideBrito\.m2\repository\io\cucumber\cucumber-core\4.8.0\cucumber-core-4.8.0.jar;C:\Users\JudrianideBrito\.m2\repository\io\cucumber\gherkin\5.1.0\gherkin-5.1.0.jar;C:\Users\JudrianideBrito\.m2\repository\io\cucumber\tag-expressions\1.1.1\tag-expressions-1.1.1.jar;C:\Users\JudrianideBrito\.m2\repository\io\cucumber\cucumber-expressions\7.0.2\cucumber-expressions-7.0.2.jar;C:\Users\JudrianideBrito\.m2\repository\io\cucumber\datatable\1.1.14\datatable-1.1.14.jar;C:\Users\JudrianideBrito\.m2\repository\io\cucumber\datatable-dependencies\1.1.14\datatable-dependencies-1.1.14.jar;C:\Users\JudrianideBrito\.m2\repository\org\apiguardian\apiguardian-api\1.1.0\apiguardian-api-1.1.0.jar;C:\Users\JudrianideBrito\.m2\repository\io\cucumber\cucumber-junit\4.8.0\cucumber-junit-4.8.0.jar;C:\Users\JudrianideBrito\.m2\repository\junit\junit\4.12\junit-4.12.jar;C:\Users\JudrianideBrito\.m2\repository\org\hamcrest\hamcrest-core\1.3\hamcrest-core-1.3.jar;"/>
    <property name="sun.cpu.endian" value="little"/>
    <property name="user.home" value="C:\Users\JudrianideBrito"/>
    <property name="user.language" value="pt"/>
    <property name="java.specification.vendor" value="Oracle Corporation"/>
    <property name="java.version.date" value="2022-10-18"/>
    <property name="java.home" value="C:\Program Files\Java\jdk-19"/>
    <property name="file.separator" value="\"/>
    <property name="basedir" value="C:\Users\JudrianideBrito\Desktop\PROJETO BRITO\IntroCucumber"/>
    <property name="java.vm.compressedOopsMode" value="Zero based"/>
    <property name="line.separator" value="&#10;"/>
    <property name="java.vm.specification.vendor" value="Oracle Corporation"/>
    <property name="java.specification.name" value="Java Platform API Specification"/>
    <property name="surefire.real.class.path" value="C:\Users\JudrianideBrito\AppData\Local\Temp\surefire6128819660062227993\surefirebooter-20230310160213899_3.jar"/>
    <property name="user.script" value=""/>
    <property name="sun.management.compiler" value="HotSpot 64-Bit Tiered Compilers"/>
    <property name="java.runtime.version" value="19.0.1+10-21"/>
    <property name="user.name" value="JudrianideBrito"/>
    <property name="stdout.encoding" value="Cp1252"/>
    <property name="path.separator" value=";"/>
    <property name="os.version" value="10.0"/>
    <property name="java.runtime.name" value="Java(TM) SE Runtime Environment"/>
    <property name="file.encoding" value="UTF-8"/>
    <property name="java.vm.name" value="Java HotSpot(TM) 64-Bit Server VM"/>
    <property name="localRepository" value="C:\Users\JudrianideBrito\.m2\repository"/>
    <property name="java.vendor.url.bug" value="https://bugreport.java.com/bugreport/"/>
    <property name="java.io.tmpdir" value="C:\Users\JUDRIA~1\AppData\Local\Temp\"/>
    <property name="java.version" value="19.0.1"/>
    <property name="user.dir" value="C:\Users\JudrianideBrito\Desktop\PROJETO BRITO\IntroCucumber"/>
    <property name="os.arch" value="amd64"/>
    <property name="java.vm.specification.name" value="Java Virtual Machine Specification"/>
    <property name="sun.os.patch.level" value=""/>
    <property name="native.encoding" value="Cp1252"/>
    <property name="java.library.path" value="C:\Program Files\Java\jdk-19\bin;C:\Windows\Sun\Java\bin;C:\Windows\system32;C:\Windows;C:\Python311\Scripts\;C:\Python311\;C:\Program Files\Common Files\Oracle\Java\javapath;C:\Program Files (x86)\Common Files\Oracle\Java\javapath;C:\Windows;C:\Windows\System32\Wbem;C:\Windows\System32\WindowsPowerShell\v1.0\;C:\Windows\System32\OpenSSH\;C:\Program Files\Git\cmd;C:\Users\JudrianideBrito\Desktop\PROJETO BRITO\apache-maven-3.8.6-bin\apache-maven-3.8.6\bin;C:\Program Files\Java\jdk-19\bin;C:\driver;C:\Windows\system32;C:\Program Files\Microsoft VS Code\bin;C:\Program Files\nodejs\;C:\ProgramData\chocolatey\bin;C:\gradle-7.6\bin\bin;C:\Program Files\MySQL\MySQL Shell 8.0\bin\;C:\Users\JudrianideBrito\AppData\Local\Microsoft\WindowsApps;C:\Users\JudrianideBrito\Desktop\PROJETO BRITO\apache-maven-3.8.6-bin\apache-maven-3.8.6\bin;C:\Program Files (x86)\Common Files\Oracle\Java\javapath;C:\Program Files\Common Files\Oracle\Java\javapath;C:\driver;C:\Users\JudrianideBrito\AppData\Roaming\npm;C:\gradle-7.6\bin;C:\Users\JudrianideBrito\anaconda3;C:\Users\JudrianideBrito\anaconda3\Scripts;C:\Program Files\JetBrains\IntelliJ IDEA 2022.3.2\bin;;C:\Program Files\JetBrains\IntelliJ IDEA Community Edition 2022.3.2\bin;;C:\Users\JudrianideBrito\mvnpath\apache-maven-3.9.0\bin;;."/>
    <property name="java.vm.info" value="mixed mode, sharing"/>
    <property name="stderr.encoding" value="Cp1252"/>
    <property name="java.vendor" value="Oracle Corporation"/>
    <property name="java.vm.version" value="19.0.1+10-21"/>
    <property name="sun.io.unicode.encoding" value="UnicodeLittle"/>
    <property name="java.class.version" value="63.0"/>
  </properties>
  <testcase name="Alugar filme com sucesso" classname="Alugar filmes" time="0.061">
    <system-out><![CDATA[Funcionalidade: Alugar filmes
Como um usuário
Eu quero cadastrar aluguéis de filmes para controlar preços e datas de entrega.

  Cenário: Alugar filme com sucesso         &amp#27;[90m# src/test/resources/Features/LocadoraFilmes.feature:6&amp#27;[0m
    &amp#27;[32mDado &amp#27;[0m&amp#27;[32mque há um filme&amp#27;[0m                    &amp#27;[90m# Locadora.que_há_um_filme(DataTable)&amp#27;[0m
    &amp#27;[32mQuando &amp#27;[0m&amp#27;[32malugar&amp#27;[0m                           &amp#27;[90m# Locadora.alugar()&amp#27;[0m
    &amp#27;[32mEntão &amp#27;[0m&amp#27;[32mo preço do aluguel será R$ &amp#27;[0m&amp#27;[32m&amp#27;[1m3&amp#27;[0m      &amp#27;[90m# Locadora.o_preço_do_aluguel_será_R$(int)&amp#27;[0m
    &amp#27;[32mE &amp#27;[0m&amp#27;[32ma data de entrega será em &amp#27;[0m&amp#27;[32m&amp#27;[1m1&amp#27;[0m&amp#27;[32m dia&amp#27;[0m       &amp#27;[90m# Locadora.a_data_de_entrega_será_em_dia(int)&amp#27;[0m
    &amp#27;[32mE &amp#27;[0m&amp#27;[32mo estoque do filme será de &amp#27;[0m&amp#27;[32m&amp#27;[1m1&amp#27;[0m&amp#27;[32m unidade.&amp#27;[0m &amp#27;[90m# Locadora.o_estoque_do_filme_será_de_unidade(int)&amp#27;[0m
]]></system-out>
  </testcase>
  <testcase name="não deve alugar um filme sem estoque" classname="Alugar filmes" time="0.017">
    <system-out><![CDATA[
  Cenário: não deve alugar um filme sem estoque    &amp#27;[90m# src/test/resources/Features/LocadoraFilmes.feature:18&amp#27;[0m
    &amp#27;[32mDado &amp#27;[0m&amp#27;[32mque há um filme com estoque de &amp#27;[0m&amp#27;[32m&amp#27;[1m0&amp#27;[0m&amp#27;[32m unidades&amp#27;[0m &amp#27;[90m# Locadora.que_há_um_filme_com_estoque_de_unidades(int)&amp#27;[0m
    &amp#27;[32mQuando &amp#27;[0m&amp#27;[32malugar&amp#27;[0m                                  &amp#27;[90m# Locadora.alugar()&amp#27;[0m
    &amp#27;[32mEntão &amp#27;[0m&amp#27;[32mnão será possivel&amp#27;[0m                        &amp#27;[90m# Locadora.nãoSeráPossivel()&amp#27;[0m
    &amp#27;[32mE &amp#27;[0m&amp#27;[32mo estoque do filme será de &amp#27;[0m&amp#27;[32m&amp#27;[1m0&amp#27;[0m&amp#27;[32m unidade.&amp#27;[0m        &amp#27;[90m# Locadora.o_estoque_do_filme_será_de_unidade(int)&amp#27;[0m
]]></system-out>
  </testcase>
  <testcase name="Condições para locar" classname="Alugar filmes" time="0.058">
    <system-out><![CDATA[
  Esquema do Cenário: Condições para locar &amp#27;[90m# src/test/resources/Features/LocadoraFilmes.feature:24&amp#27;[0m
    &amp#27;[36mDado que há um filme com estoque de 2 unidades&amp#27;[0m
    &amp#27;[36mE o valor do aluguel é R$ <preço>&amp#27;[0m
    &amp#27;[36mE que o tipo de aluguel seja <tipo>&amp#27;[0m
    &amp#27;[36mQuando alugar&amp#27;[0m
    &amp#27;[36mEntão o preço do aluguel será R$ <valor>&amp#27;[0m
    &amp#27;[36mE a data de entrega será em <qtDias> dia&amp#27;[0m
    &amp#27;[36mE a pontuação será de <pontuacao> pontos&amp#27;[0m

    Exemplos: 

  Esquema do Cenário: Condições para locar         &amp#27;[90m# src/test/resources/Features/LocadoraFilmes.feature:36&amp#27;[0m
    &amp#27;[32mDado &amp#27;[0m&amp#27;[32mque há um filme com estoque de &amp#27;[0m&amp#27;[32m&amp#27;[1m2&amp#27;[0m&amp#27;[32m unidades&amp#27;[0m &amp#27;[90m# Locadora.que_há_um_filme_com_estoque_de_unidades(int)&amp#27;[0m
    &amp#27;[32mE &amp#27;[0m&amp#27;[32mo valor do aluguel é R$ &amp#27;[0m&amp#27;[32m&amp#27;[1m4&amp#27;[0m                    &amp#27;[90m# Locadora.o_valor_do_aluguel_é_R$(int)&amp#27;[0m
    &amp#27;[32mE &amp#27;[0m&amp#27;[32mque o tipo de aluguel seja &amp#27;[0m&amp#27;[32m&amp#27;[1mestendido&amp#27;[0m         &amp#27;[90m# Locadora.que_o_tipo_de_aluguel_seja_estendido(String)&amp#27;[0m
    &amp#27;[32mQuando &amp#27;[0m&amp#27;[32malugar&amp#27;[0m                                  &amp#27;[90m# Locadora.alugar()&amp#27;[0m
    &amp#27;[32mEntão &amp#27;[0m&amp#27;[32mo preço do aluguel será R$ &amp#27;[0m&amp#27;[32m&amp#27;[1m8&amp#27;[0m             &amp#27;[90m# Locadora.o_preço_do_aluguel_será_R$(int)&amp#27;[0m
    &amp#27;[32mE &amp#27;[0m&amp#27;[32ma data de entrega será em &amp#27;[0m&amp#27;[32m&amp#27;[1m3&amp#27;[0m&amp#27;[32m dia&amp#27;[0m              &amp#27;[90m# Locadora.a_data_de_entrega_será_em_dia(int)&amp#27;[0m
    &amp#27;[32mE &amp#27;[0m&amp#27;[32ma pontuação será de &amp#27;[0m&amp#27;[32m&amp#27;[1m2&amp#27;[0m&amp#27;[32m pontos&amp#27;[0m                 &amp#27;[90m# Locadora.a_pontuação_será_de_pontos(int)&amp#27;[0m
]]></system-out>
  </testcase>
  <testcase name="Condições para locar" classname="Alugar filmes" time="0.021">
    <system-out><![CDATA[
  Esquema do Cenário: Condições para locar         &amp#27;[90m# src/test/resources/Features/LocadoraFilmes.feature:37&amp#27;[0m
    &amp#27;[32mDado &amp#27;[0m&amp#27;[32mque há um filme com estoque de &amp#27;[0m&amp#27;[32m&amp#27;[1m2&amp#27;[0m&amp#27;[32m unidades&amp#27;[0m &amp#27;[90m# Locadora.que_há_um_filme_com_estoque_de_unidades(int)&amp#27;[0m
    &amp#27;[32mE &amp#27;[0m&amp#27;[32mo valor do aluguel é R$ &amp#27;[0m&amp#27;[32m&amp#27;[1m4&amp#27;[0m                    &amp#27;[90m# Locadora.o_valor_do_aluguel_é_R$(int)&amp#27;[0m
    &amp#27;[32mE &amp#27;[0m&amp#27;[32mque o tipo de aluguel seja &amp#27;[0m&amp#27;[32m&amp#27;[1mcomum&amp#27;[0m             &amp#27;[90m# Locadora.que_o_tipo_de_aluguel_seja_estendido(String)&amp#27;[0m
    &amp#27;[32mQuando &amp#27;[0m&amp#27;[32malugar&amp#27;[0m                                  &amp#27;[90m# Locadora.alugar()&amp#27;[0m
    &amp#27;[32mEntão &amp#27;[0m&amp#27;[32mo preço do aluguel será R$ &amp#27;[0m&amp#27;[32m&amp#27;[1m4&amp#27;[0m             &amp#27;[90m# Locadora.o_preço_do_aluguel_será_R$(int)&amp#27;[0m
    &amp#27;[32mE &amp#27;[0m&amp#27;[32ma data de entrega será em &amp#27;[0m&amp#27;[32m&amp#27;[1m1&amp#27;[0m&amp#27;[32m dia&amp#27;[0m              &amp#27;[90m# Locadora.a_data_de_entrega_será_em_dia(int)&amp#27;[0m
    &amp#27;[32mE &amp#27;[0m&amp#27;[32ma pontuação será de &amp#27;[0m&amp#27;[32m&amp#27;[1m1&amp#27;[0m&amp#27;[32m pontos&amp#27;[0m                 &amp#27;[90m# Locadora.a_pontuação_será_de_pontos(int)&amp#27;[0m
]]></system-out>
  </testcase>
  <testcase name="Condições para locar" classname="Alugar filmes" time="0.026">
    <system-out><![CDATA[
  Esquema do Cenário: Condições para locar         &amp#27;[90m# src/test/resources/Features/LocadoraFilmes.feature:38&amp#27;[0m
    &amp#27;[32mDado &amp#27;[0m&amp#27;[32mque há um filme com estoque de &amp#27;[0m&amp#27;[32m&amp#27;[1m2&amp#27;[0m&amp#27;[32m unidades&amp#27;[0m &amp#27;[90m# Locadora.que_há_um_filme_com_estoque_de_unidades(int)&amp#27;[0m
    &amp#27;[32mE &amp#27;[0m&amp#27;[32mo valor do aluguel é R$ &amp#27;[0m&amp#27;[32m&amp#27;[1m10&amp#27;[0m                   &amp#27;[90m# Locadora.o_valor_do_aluguel_é_R$(int)&amp#27;[0m
    &amp#27;[32mE &amp#27;[0m&amp#27;[32mque o tipo de aluguel seja &amp#27;[0m&amp#27;[32m&amp#27;[1mestendido&amp#27;[0m         &amp#27;[90m# Locadora.que_o_tipo_de_aluguel_seja_estendido(String)&amp#27;[0m
    &amp#27;[32mQuando &amp#27;[0m&amp#27;[32malugar&amp#27;[0m                                  &amp#27;[90m# Locadora.alugar()&amp#27;[0m
    &amp#27;[32mEntão &amp#27;[0m&amp#27;[32mo preço do aluguel será R$ &amp#27;[0m&amp#27;[32m&amp#27;[1m20&amp#27;[0m            &amp#27;[90m# Locadora.o_preço_do_aluguel_será_R$(int)&amp#27;[0m
    &amp#27;[32mE &amp#27;[0m&amp#27;[32ma data de entrega será em &amp#27;[0m&amp#27;[32m&amp#27;[1m3&amp#27;[0m&amp#27;[32m dia&amp#27;[0m              &amp#27;[90m# Locadora.a_data_de_entrega_será_em_dia(int)&amp#27;[0m
    &amp#27;[32mE &amp#27;[0m&amp#27;[32ma pontuação será de &amp#27;[0m&amp#27;[32m&amp#27;[1m2&amp#27;[0m&amp#27;[32m pontos&amp#27;[0m                 &amp#27;[90m# Locadora.a_pontuação_será_de_pontos(int)&amp#27;[0m
]]></system-out>
  </testcase>
  <testcase name="Condições para locar" classname="Alugar filmes" time="0.021">
    <system-out><![CDATA[
  Esquema do Cenário: Condições para locar         &amp#27;[90m# src/test/resources/Features/LocadoraFilmes.feature:39&amp#27;[0m
    &amp#27;[32mDado &amp#27;[0m&amp#27;[32mque há um filme com estoque de &amp#27;[0m&amp#27;[32m&amp#27;[1m2&amp#27;[0m&amp#27;[32m unidades&amp#27;[0m &amp#27;[90m# Locadora.que_há_um_filme_com_estoque_de_unidades(int)&amp#27;[0m
    &amp#27;[32mE &amp#27;[0m&amp#27;[32mo valor do aluguel é R$ &amp#27;[0m&amp#27;[32m&amp#27;[1m5&amp#27;[0m                    &amp#27;[90m# Locadora.o_valor_do_aluguel_é_R$(int)&amp#27;[0m
    &amp#27;[32mE &amp#27;[0m&amp#27;[32mque o tipo de aluguel seja &amp#27;[0m&amp#27;[32m&amp#27;[1msemanal&amp#27;[0m           &amp#27;[90m# Locadora.que_o_tipo_de_aluguel_seja_estendido(String)&amp#27;[0m
    &amp#27;[32mQuando &amp#27;[0m&amp#27;[32malugar&amp#27;[0m                                  &amp#27;[90m# Locadora.alugar()&amp#27;[0m
    &amp#27;[32mEntão &amp#27;[0m&amp#27;[32mo preço do aluguel será R$ &amp#27;[0m&amp#27;[32m&amp#27;[1m15&amp#27;[0m            &amp#27;[90m# Locadora.o_preço_do_aluguel_será_R$(int)&amp#27;[0m
    &amp#27;[32mE &amp#27;[0m&amp#27;[32ma data de entrega será em &amp#27;[0m&amp#27;[32m&amp#27;[1m7&amp#27;[0m&amp#27;[32m dia&amp#27;[0m              &amp#27;[90m# Locadora.a_data_de_entrega_será_em_dia(int)&amp#27;[0m
    &amp#27;[32mE &amp#27;[0m&amp#27;[32ma pontuação será de &amp#27;[0m&amp#27;[32m&amp#27;[1m3&amp#27;[0m&amp#27;[32m pontos&amp#27;[0m                 &amp#27;[90m# Locadora.a_pontuação_será_de_pontos(int)&amp#27;[0m
]]></system-out>
  </testcase>
  <testcase name="Condições para locar" classname="Alugar filmes" time="0.008">
    <system-out><![CDATA[
  Esquema do Cenário: Condições para locar         &amp#27;[90m# src/test/resources/Features/LocadoraFilmes.feature:40&amp#27;[0m
    &amp#27;[32mDado &amp#27;[0m&amp#27;[32mque há um filme com estoque de &amp#27;[0m&amp#27;[32m&amp#27;[1m2&amp#27;[0m&amp#27;[32m unidades&amp#27;[0m &amp#27;[90m# Locadora.que_há_um_filme_com_estoque_de_unidades(int)&amp#27;[0m
    &amp#27;[32mE &amp#27;[0m&amp#27;[32mo valor do aluguel é R$ &amp#27;[0m&amp#27;[32m&amp#27;[1m8&amp#27;[0m                    &amp#27;[90m# Locadora.o_valor_do_aluguel_é_R$(int)&amp#27;[0m
    &amp#27;[32mE &amp#27;[0m&amp#27;[32mque o tipo de aluguel seja &amp#27;[0m&amp#27;[32m&amp#27;[1mestendido&amp#27;[0m         &amp#27;[90m# Locadora.que_o_tipo_de_aluguel_seja_estendido(String)&amp#27;[0m
    &amp#27;[32mQuando &amp#27;[0m&amp#27;[32malugar&amp#27;[0m                                  &amp#27;[90m# Locadora.alugar()&amp#27;[0m
    &amp#27;[32mEntão &amp#27;[0m&amp#27;[32mo preço do aluguel será R$ &amp#27;[0m&amp#27;[32m&amp#27;[1m16&amp#27;[0m            &amp#27;[90m# Locadora.o_preço_do_aluguel_será_R$(int)&amp#27;[0m
    &amp#27;[32mE &amp#27;[0m&amp#27;[32ma data de entrega será em &amp#27;[0m&amp#27;[32m&amp#27;[1m3&amp#27;[0m&amp#27;[32m dia&amp#27;[0m              &amp#27;[90m# Locadora.a_data_de_entrega_será_em_dia(int)&amp#27;[0m
    &amp#27;[32mE &amp#27;[0m&amp#27;[32ma pontuação será de &amp#27;[0m&amp#27;[32m&amp#27;[1m2&amp#27;[0m&amp#27;[32m pontos&amp#27;[0m                 &amp#27;[90m# Locadora.a_pontuação_será_de_pontos(int)&amp#27;[0m
]]></system-out>
  </testcase>
  <testcase name="Condições para locar" classname="Alugar filmes" time="0.02">
    <system-out><![CDATA[
  Esquema do Cenário: Condições para locar         &amp#27;[90m# src/test/resources/Features/LocadoraFilmes.feature:41&amp#27;[0m
    &amp#27;[32mDado &amp#27;[0m&amp#27;[32mque há um filme com estoque de &amp#27;[0m&amp#27;[32m&amp#27;[1m2&amp#27;[0m&amp#27;[32m unidades&amp#27;[0m &amp#27;[90m# Locadora.que_há_um_filme_com_estoque_de_unidades(int)&amp#27;[0m
    &amp#27;[32mE &amp#27;[0m&amp#27;[32mo valor do aluguel é R$ &amp#27;[0m&amp#27;[32m&amp#27;[1m18&amp#27;[0m                   &amp#27;[90m# Locadora.o_valor_do_aluguel_é_R$(int)&amp#27;[0m
    &amp#27;[32mE &amp#27;[0m&amp#27;[32mque o tipo de aluguel seja &amp#27;[0m&amp#27;[32m&amp#27;[1msemanal&amp#27;[0m           &amp#27;[90m# Locadora.que_o_tipo_de_aluguel_seja_estendido(String)&amp#27;[0m
    &amp#27;[32mQuando &amp#27;[0m&amp#27;[32malugar&amp#27;[0m                                  &amp#27;[90m# Locadora.alugar()&amp#27;[0m
    &amp#27;[32mEntão &amp#27;[0m&amp#27;[32mo preço do aluguel será R$ &amp#27;[0m&amp#27;[32m&amp#27;[1m54&amp#27;[0m            &amp#27;[90m# Locadora.o_preço_do_aluguel_será_R$(int)&amp#27;[0m
    &amp#27;[32mE &amp#27;[0m&amp#27;[32ma data de entrega será em &amp#27;[0m&amp#27;[32m&amp#27;[1m7&amp#27;[0m&amp#27;[32m dia&amp#27;[0m              &amp#27;[90m# Locadora.a_data_de_entrega_será_em_dia(int)&amp#27;[0m
    &amp#27;[32mE &amp#27;[0m&amp#27;[32ma pontuação será de &amp#27;[0m&amp#27;[32m&amp#27;[1m3&amp#27;[0m&amp#27;[32m pontos&amp#27;[0m                 &amp#27;[90m# Locadora.a_pontuação_será_de_pontos(int)&amp#27;[0m
]]></system-out>
  </testcase>
  <testcase name="Condições para locar" classname="Alugar filmes" time="0.014">
    <system-out><![CDATA[
  Esquema do Cenário: Condições para locar         &amp#27;[90m# src/test/resources/Features/LocadoraFilmes.feature:42&amp#27;[0m
    &amp#27;[32mDado &amp#27;[0m&amp#27;[32mque há um filme com estoque de &amp#27;[0m&amp#27;[32m&amp#27;[1m2&amp#27;[0m&amp#27;[32m unidades&amp#27;[0m &amp#27;[90m# Locadora.que_há_um_filme_com_estoque_de_unidades(int)&amp#27;[0m
    &amp#27;[32mE &amp#27;[0m&amp#27;[32mo valor do aluguel é R$ &amp#27;[0m&amp#27;[32m&amp#27;[1m20&amp#27;[0m                   &amp#27;[90m# Locadora.o_valor_do_aluguel_é_R$(int)&amp#27;[0m
    &amp#27;[32mE &amp#27;[0m&amp#27;[32mque o tipo de aluguel seja &amp#27;[0m&amp#27;[32m&amp#27;[1mcomum&amp#27;[0m             &amp#27;[90m# Locadora.que_o_tipo_de_aluguel_seja_estendido(String)&amp#27;[0m
    &amp#27;[32mQuando &amp#27;[0m&amp#27;[32malugar&amp#27;[0m                                  &amp#27;[90m# Locadora.alugar()&amp#27;[0m
    &amp#27;[32mEntão &amp#27;[0m&amp#27;[32mo preço do aluguel será R$ &amp#27;[0m&amp#27;[32m&amp#27;[1m20&amp#27;[0m            &amp#27;[90m# Locadora.o_preço_do_aluguel_será_R$(int)&amp#27;[0m
    &amp#27;[32mE &amp#27;[0m&amp#27;[32ma data de entrega será em &amp#27;[0m&amp#27;[32m&amp#27;[1m1&amp#27;[0m&amp#27;[32m dia&amp#27;[0m              &amp#27;[90m# Locadora.a_data_de_entrega_será_em_dia(int)&amp#27;[0m
    &amp#27;[32mE &amp#27;[0m&amp#27;[32ma pontuação será de &amp#27;[0m&amp#27;[32m&amp#27;[1m1&amp#27;[0m&amp#27;[32m pontos&amp#27;[0m                 &amp#27;[90m# Locadora.a_pontuação_será_de_pontos(int)&amp#27;[0m
]]></system-out>
  </testcase>
</testsuite>